<?xml version="1.0" encoding="UTF-8"?>
<testExecutions version="1">
  <file path="C:\Users\aamir\Documents\TSI\react\Weatherapp3\test\API.test.js">
    <testCase name="GET /weather should return weather data for a specific city" duration="4">
      <failure message="TypeError: app.address is not a function"><![CDATA[TypeError: app.address is not a function
    at Test.serverAddress (C:\Users\aamir\Documents\TSI\react\Weatherapp3\node_modules\supertest\lib\test.js:46:22)
    at new Test (C:\Users\aamir\Documents\TSI\react\Weatherapp3\node_modules\supertest\lib\test.js:34:14)
    at Object.obj.<computed> [as get] (C:\Users\aamir\Documents\TSI\react\Weatherapp3\node_modules\supertest\index.js:43:18)
    at Object.get (C:\Users\aamir\Documents\TSI\react\Weatherapp3\test\API.test.js:6:41)
    at Promise.then.completed (C:\Users\aamir\Documents\TSI\react\Weatherapp3\node_modules\jest-circus\build\utils.js:298:28)
    at new Promise (<anonymous>)
    at callAsyncCircusFn (C:\Users\aamir\Documents\TSI\react\Weatherapp3\node_modules\jest-circus\build\utils.js:231:10)
    at _callCircusTest (C:\Users\aamir\Documents\TSI\react\Weatherapp3\node_modules\jest-circus\build\run.js:316:40)
    at _runTest (C:\Users\aamir\Documents\TSI\react\Weatherapp3\node_modules\jest-circus\build\run.js:252:3)
    at _runTestsForDescribeBlock (C:\Users\aamir\Documents\TSI\react\Weatherapp3\node_modules\jest-circus\build\run.js:126:9)
    at run (C:\Users\aamir\Documents\TSI\react\Weatherapp3\node_modules\jest-circus\build\run.js:71:3)
    at runAndTransformResultsToJestFormat (C:\Users\aamir\Documents\TSI\react\Weatherapp3\node_modules\jest-circus\build\legacy-code-todo-rewrite\jestAdapterInit.js:122:21)
    at jestAdapter (C:\Users\aamir\Documents\TSI\react\Weatherapp3\node_modules\jest-circus\build\legacy-code-todo-rewrite\jestAdapter.js:79:19)
    at runTestInternal (C:\Users\aamir\Documents\TSI\react\Weatherapp3\node_modules\jest-runner\build\runTest.js:367:16)
    at runTest (C:\Users\aamir\Documents\TSI\react\Weatherapp3\node_modules\jest-runner\build\runTest.js:444:34)]]></failure>
    </testCase>
  </file>
</testExecutions>