<?xml version="1.0" encoding="UTF-8"?>
<testExecutions version="1">
  <file path="C:\Users\aamir\Documents\TSI\react\Weatherapp3\test\sum.test.js">
    <testCase name="adds 1 + 2 to equal 3" duration="16"/>
  </file>
  <file path="C:\Users\aamir\Documents\TSI\react\Weatherapp3\test\WeatherappRender.test.js">
    <testCase name="WeatherApp component rendering renders WeatherApp components with data" duration="167">
      <failure message="Error: expect(received).not.toBeNull()"><![CDATA[Error: expect(received).not.toBeNull()

Received: null
    at Object.toBeNull (C:\Users\aamir\Documents\TSI\react\Weatherapp3\test\WeatherappRender.test.js:19:30)
    at Promise.then.completed (C:\Users\aamir\Documents\TSI\react\Weatherapp3\node_modules\jest-circus\build\utils.js:298:28)
    at new Promise (<anonymous>)
    at callAsyncCircusFn (C:\Users\aamir\Documents\TSI\react\Weatherapp3\node_modules\jest-circus\build\utils.js:231:10)
    at _callCircusTest (C:\Users\aamir\Documents\TSI\react\Weatherapp3\node_modules\jest-circus\build\run.js:316:40)
    at processTicksAndRejections (node:internal/process/task_queues:95:5)
    at _runTest (C:\Users\aamir\Documents\TSI\react\Weatherapp3\node_modules\jest-circus\build\run.js:252:3)
    at _runTestsForDescribeBlock (C:\Users\aamir\Documents\TSI\react\Weatherapp3\node_modules\jest-circus\build\run.js:126:9)
    at _runTestsForDescribeBlock (C:\Users\aamir\Documents\TSI\react\Weatherapp3\node_modules\jest-circus\build\run.js:121:9)
    at run (C:\Users\aamir\Documents\TSI\react\Weatherapp3\node_modules\jest-circus\build\run.js:71:3)
    at runAndTransformResultsToJestFormat (C:\Users\aamir\Documents\TSI\react\Weatherapp3\node_modules\jest-circus\build\legacy-code-todo-rewrite\jestAdapterInit.js:122:21)
    at jestAdapter (C:\Users\aamir\Documents\TSI\react\Weatherapp3\node_modules\jest-circus\build\legacy-code-todo-rewrite\jestAdapter.js:79:19)
    at runTestInternal (C:\Users\aamir\Documents\TSI\react\Weatherapp3\node_modules\jest-runner\build\runTest.js:367:16)
    at runTest (C:\Users\aamir\Documents\TSI\react\Weatherapp3\node_modules\jest-runner\build\runTest.js:444:34)
    at Object.worker (C:\Users\aamir\Documents\TSI\react\Weatherapp3\node_modules\jest-runner\build\testWorker.js:106:12)]]></failure>
    </testCase>
  </file>
  <file path="C:\Users\aamir\Documents\TSI\react\Weatherapp3\test\mockAPI.test.js">
    <testCase name="renders weather data properly" duration="1155">
      <failure message="Error: Unable to find an element with the text: Humidity: 80%. This could be because the text is broken up by multiple elements. In this case, you can provide a function for your text matcher to make your matcher more flexible."><![CDATA[Error: Unable to find an element with the text: Humidity: 80%. This could be because the text is broken up by multiple elements. In this case, you can provide a function for your text matcher to make your matcher more flexible.

Ignored nodes: comments, script, style
<body>
  <div>
    <div
      class="Container"
    >
      <div
        class="topBar"
      >
        <input
          class="cityInput"
          placeholder="Search"
          type="text"
          value="London"
        />
        <svg
          class="searchIcon"
          fill="currentColor"
          height="20"
          stroke="currentColor"
          stroke-width="0"
          viewBox="0 0 1024 1024"
          width="20"
          xmlns="http://www.w3.org/2000/svg"
        >
          <path
            d="M909.6 854.5L649.9 594.8C690.2 542.7 712 479 712 412c0-80.2-31.3-155.4-87.9-212.1-56.6-56.7-132-87.9-212.1-87.9s-155.5 31.3-212.1 87.9C143.2 256.5 112 331.8 112 412c0 80.1 31.3 155.5 87.9 212.1C256.5 680.8 331.8 712 412 712c67 0 130.6-21.8 182.7-62l259.7 259.6a8.2 8.2 0 0 0 11.6 0l43.6-43.5a8.2 8.2 0 0 0 0-11.6zM570.4 570.4C528 612.7 471.8 636 412 636s-116-23.3-158.4-65.6C211.3 528 188 471.8 188 412s23.3-116.1 65.6-158.4C296 211.3 352.2 188 412 188s116.1 23.2 158.4 65.6S636 352.2 636 412s-23.3 116.1-65.6 158.4z"
          />
        </svg>
      </div>
      <div
        class="weatherTemp"
      >
        25
         Â°C
      </div>
      <div
        class="weatherLocation"
      >
         
        London
         
      </div>
       
      <div
        class="weather-image"
      >
        <div
          class="weather-icon"
        >
          <svg
            color="orange"
            fill="currentColor"
            height="300"
            id="Layer_1"
            stroke="currentColor"
            stroke-width="0"
            style="color: orange;"
            version="1.1"
            viewBox="0 0 30 30"
            width="300"
            x="0px"
            xmlns="http://www.w3.org/2000/svg"
            y="0px"
          >
            <path
              d="M4.37,14.62c0-0.24,0.08-0.45,0.25-0.62c0.17-0.16,0.38-0.24,0.6-0.24h2.04c0.23,0,0.42,0.08,0.58,0.25
	c0.15,0.17,0.23,0.37,0.23,0.61S8,15.06,7.85,15.23c-0.15,0.17-0.35,0.25-0.58,0.25H5.23c-0.23,0-0.43-0.08-0.6-0.25
	C4.46,15.06,4.37,14.86,4.37,14.62z M7.23,21.55c0-0.23,0.08-0.43,0.23-0.61l1.47-1.43c0.15-0.16,0.35-0.23,0.59-0.23
	c0.24,0,0.44,0.08,0.6,0.23s0.24,0.34,0.24,0.57c0,0.24-0.08,0.46-0.24,0.64L8.7,22.14c-0.41,0.32-0.82,0.32-1.23,0
	C7.31,21.98,7.23,21.78,7.23,21.55z M7.23,7.71c0-0.23,0.08-0.43,0.23-0.61C7.66,6.93,7.87,6.85,8.1,6.85
	c0.22,0,0.42,0.08,0.59,0.24l1.43,1.47c0.16,0.15,0.24,0.35,0.24,0.59c0,0.24-0.08,0.44-0.24,0.6s-0.36,0.24-0.6,0.24
	c-0.24,0-0.44-0.08-0.59-0.24L7.47,8.32C7.31,8.16,7.23,7.95,7.23,7.71z M9.78,14.62c0-0.93,0.23-1.8,0.7-2.6s1.1-1.44,1.91-1.91
	s1.67-0.7,2.6-0.7c0.7,0,1.37,0.14,2.02,0.42c0.64,0.28,1.2,0.65,1.66,1.12c0.47,0.47,0.84,1.02,1.11,1.66
	c0.27,0.64,0.41,1.32,0.41,2.02c0,0.94-0.23,1.81-0.7,2.61c-0.47,0.8-1.1,1.43-1.9,1.9c-0.8,0.47-1.67,0.7-2.61,0.7
	s-1.81-0.23-2.61-0.7c-0.8-0.47-1.43-1.1-1.9-1.9C10.02,16.43,9.78,15.56,9.78,14.62z M11.48,14.62c0,0.98,0.34,1.81,1.03,2.5
	c0.68,0.69,1.51,1.04,2.49,1.04s1.81-0.35,2.5-1.04s1.04-1.52,1.04-2.5c0-0.96-0.35-1.78-1.04-2.47c-0.69-0.68-1.52-1.02-2.5-1.02
	c-0.97,0-1.8,0.34-2.48,1.02C11.82,12.84,11.48,13.66,11.48,14.62z M14.14,22.4c0-0.24,0.08-0.44,0.25-0.6s0.37-0.24,0.6-0.24
	c0.24,0,0.45,0.08,0.61,0.24s0.24,0.36,0.24,0.6v1.99c0,0.24-0.08,0.45-0.25,0.62c-0.17,0.17-0.37,0.25-0.6,0.25
	s-0.44-0.08-0.6-0.25c-0.17-0.17-0.25-0.38-0.25-0.62V22.4z M14.14,6.9V4.86c0-0.23,0.08-0.43,0.25-0.6C14.56,4.09,14.76,4,15,4
	s0.43,0.08,0.6,0.25c0.17,0.17,0.25,0.37,0.25,0.6V6.9c0,0.23-0.08,0.42-0.25,0.58S15.23,7.71,15,7.71s-0.44-0.08-0.6-0.23
	S14.14,7.13,14.14,6.9z M19.66,20.08c0-0.23,0.08-0.42,0.23-0.56c0.15-0.16,0.34-0.23,0.56-0.23c0.24,0,0.44,0.08,0.6,0.23
	l1.46,1.43c0.16,0.17,0.24,0.38,0.24,0.61c0,0.23-0.08,0.43-0.24,0.59c-0.4,0.31-0.8,0.31-1.2,0l-1.42-1.42
	C19.74,20.55,19.66,20.34,19.66,20.08z M19.66,9.16c0-0.25,0.08-0.45,0.23-0.59l1.42-1.47c0.17-0.16,0.37-0.24,0.59-0.24
	c0.24,0,0.44,0.08,0.6,0.25c0.17,0.17,0.25,0.37,0.25,0.6c0,0.25-0.08,0.46-0.24,0.62l-1.46,1.43c-0.18,0.16-0.38,0.24-0.6,0.24
	c-0.23,0-0.41-0.08-0.56-0.24S19.66,9.4,19.66,9.16z M21.92,14.62c0-0.24,0.08-0.44,0.24-0.62c0.16-0.16,0.35-0.24,0.57-0.24h2.02
	c0.23,0,0.43,0.09,0.6,0.26c0.17,0.17,0.26,0.37,0.26,0.6s-0.09,0.43-0.26,0.6c-0.17,0.17-0.37,0.25-0.6,0.25h-2.02
	c-0.23,0-0.43-0.08-0.58-0.25S21.92,14.86,21.92,14.62z"
            />
          </svg>
        </div>
      </div>
      <div
        class="weather-description"
      >
        <b>
           
          <i>
            clear sky
          </i>
        </b>
      </div>
      <div
        class="elements"
      >
        <div
          class="wind"
        >
          <div
            class="wind-rate"
          >
             
            10
             km/h
          </div>
          <div
            class="text"
          >
            Wind Speed
          </div>
          <svg
            baseProfile="tiny"
            fill="currentColor"
            height="50"
            stroke="currentColor"
            stroke-width="0"
            version="1.2"
            viewBox="0 0 24 24"
            width="50"
            xmlns="http://www.w3.org/2000/svg"
          >
            <path
              d="M19 5c-.553 0-1 .447-1 1s.447 1 1 1c.552 0 1 .448 1 1s-.448 1-1 1h-11c-.553 0-1 .447-1 1s.447 1 1 1h6c.552 0 1 .448 1 1s-.448 1-1 1h-6.4c-1.654 0-3 1.346-3 3s1.346 3 3 3c.553 0 1-.447 1-1s-.447-1-1-1c-.552 0-1-.448-1-1s.448-1 1-1h6.4c1.654 0 3-1.346 3-3 0-.353-.072-.686-.185-1h2.185c1.654 0 3-1.346 3-3s-1.346-3-3-3z"
            />
          </svg>
        </div>
        <div
          class="humidity"
        >
          <div
            class="humidity-percent"
          >
            80
            %
          </div>
          <div
            class="text"
          >
            Humidity
          </div>
          <svg
            fill="currentColor"
            height="50"
            id="Layer_1"
            stroke="currentColor"
            stroke-width="0"
            version="1.1"
            viewBox="0 0 30 30"
            width="50"
            x="0px"
            xmlns="http://www.w3.org/2000/svg"
            y="0px"
          >
            <path
              d="M7.56,17.19c0-0.88,0.24-1.89,0.72-3.03s1.1-2.25,1.86-3.31c1.56-2.06,2.92-3.62,4.06-4.67l0.75-0.72
	c0.25,0.26,0.53,0.5,0.83,0.72c0.41,0.42,1.04,1.11,1.88,2.09s1.57,1.85,2.17,2.65c0.71,1.01,1.32,2.1,1.81,3.25
	s0.74,2.16,0.74,3.03c0,1-0.19,1.95-0.58,2.86c-0.39,0.91-0.91,1.7-1.57,2.36c-0.66,0.66-1.45,1.19-2.37,1.58
	c-0.92,0.39-1.89,0.59-2.91,0.59c-1,0-1.95-0.19-2.86-0.57c-0.91-0.38-1.7-0.89-2.36-1.55c-0.66-0.65-1.19-1.44-1.58-2.35
	S7.56,18.23,7.56,17.19z M9.82,14.26c0,0.83,0.17,1.49,0.52,1.99c0.35,0.49,0.88,0.74,1.59,0.74c0.72,0,1.25-0.25,1.61-0.74
	c0.35-0.49,0.53-1.15,0.54-1.99c-0.01-0.84-0.19-1.5-0.54-2c-0.35-0.49-0.89-0.74-1.61-0.74c-0.71,0-1.24,0.25-1.59,0.74
	C9.99,12.76,9.82,13.42,9.82,14.26z M11.39,14.26c0-0.15,0-0.27,0-0.35s0.01-0.19,0.02-0.33c0.01-0.14,0.02-0.25,0.05-0.32
	s0.05-0.16,0.09-0.24c0.04-0.08,0.09-0.15,0.15-0.18c0.07-0.04,0.14-0.06,0.23-0.06c0.14,0,0.25,0.04,0.33,0.12s0.14,0.21,0.17,0.38
	c0.03,0.18,0.05,0.32,0.06,0.45s0.01,0.3,0.01,0.52c0,0.23,0,0.4-0.01,0.52c-0.01,0.12-0.03,0.27-0.06,0.45
	c-0.03,0.17-0.09,0.3-0.17,0.38s-0.19,0.12-0.33,0.12c-0.09,0-0.16-0.02-0.23-0.06c-0.07-0.04-0.12-0.1-0.15-0.18
	c-0.04-0.08-0.07-0.17-0.09-0.24c-0.02-0.08-0.04-0.19-0.05-0.32c-0.01-0.14-0.02-0.25-0.02-0.32S11.39,14.41,11.39,14.26z
	 M11.98,22.01h1.32l4.99-10.74h-1.35L11.98,22.01z M16.28,19.02c0.01,0.84,0.2,1.5,0.55,2c0.35,0.49,0.89,0.74,1.6,0.74
	c0.72,0,1.25-0.25,1.6-0.74c0.35-0.49,0.52-1.16,0.53-2c-0.01-0.84-0.18-1.5-0.53-1.99c-0.35-0.49-0.88-0.74-1.6-0.74
	c-0.71,0-1.25,0.25-1.6,0.74C16.47,17.52,16.29,18.18,16.28,19.02z M17.85,19.02c0-0.23,0-0.4,0.01-0.52
	c0.01-0.12,0.03-0.27,0.06-0.45s0.09-0.3,0.17-0.38s0.19-0.12,0.33-0.12c0.09,0,0.17,0.02,0.24,0.06c0.07,0.04,0.12,0.1,0.16,0.19
	c0.04,0.09,0.07,0.17,0.1,0.24s0.04,0.18,0.05,0.32l0.01,0.32l0,0.34c0,0.16,0,0.28,0,0.35l-0.01,0.32l-0.05,0.32l-0.1,0.24
	l-0.16,0.19l-0.24,0.06c-0.14,0-0.25-0.04-0.33-0.12s-0.14-0.21-0.17-0.38c-0.03-0.18-0.05-0.33-0.06-0.45S17.85,19.25,17.85,19.02z
	"
            />
          </svg>
        </div>
      </div>
    </div>
  </div>
</body>
    at waitForWrapper (C:\Users\aamir\Documents\TSI\react\Weatherapp3\node_modules\@testing-library\dom\dist\wait-for.js:162:27)
    at Object.<anonymous> (C:\Users\aamir\Documents\TSI\react\Weatherapp3\test\mockAPI.test.js:36:16)
    at Promise.then.completed (C:\Users\aamir\Documents\TSI\react\Weatherapp3\node_modules\jest-circus\build\utils.js:298:28)
    at new Promise (<anonymous>)
    at callAsyncCircusFn (C:\Users\aamir\Documents\TSI\react\Weatherapp3\node_modules\jest-circus\build\utils.js:231:10)
    at _callCircusTest (C:\Users\aamir\Documents\TSI\react\Weatherapp3\node_modules\jest-circus\build\run.js:316:40)
    at processTicksAndRejections (node:internal/process/task_queues:95:5)
    at _runTest (C:\Users\aamir\Documents\TSI\react\Weatherapp3\node_modules\jest-circus\build\run.js:252:3)
    at _runTestsForDescribeBlock (C:\Users\aamir\Documents\TSI\react\Weatherapp3\node_modules\jest-circus\build\run.js:126:9)
    at run (C:\Users\aamir\Documents\TSI\react\Weatherapp3\node_modules\jest-circus\build\run.js:71:3)
    at runAndTransformResultsToJestFormat (C:\Users\aamir\Documents\TSI\react\Weatherapp3\node_modules\jest-circus\build\legacy-code-todo-rewrite\jestAdapterInit.js:122:21)
    at jestAdapter (C:\Users\aamir\Documents\TSI\react\Weatherapp3\node_modules\jest-circus\build\legacy-code-todo-rewrite\jestAdapter.js:79:19)
    at runTestInternal (C:\Users\aamir\Documents\TSI\react\Weatherapp3\node_modules\jest-runner\build\runTest.js:367:16)
    at runTest (C:\Users\aamir\Documents\TSI\react\Weatherapp3\node_modules\jest-runner\build\runTest.js:444:34)
    at Object.worker (C:\Users\aamir\Documents\TSI\react\Weatherapp3\node_modules\jest-runner\build\testWorker.js:106:12)]]></failure>
    </testCase>
  </file>
</testExecutions>